0 info it worked if it ends with ok
1 verbose cli [ 'node', '/usr/local/bin/npm', 'run', 'inline' ]
2 info using npm@2.0.2
3 info using node@v0.10.31
4 verbose run-script [ 'preinline', 'inline', 'postinline' ]
5 info preinline seward-park-map@0.0.0
6 info inline seward-park-map@0.0.0
7 verbose unsafe-perm in lifecycle true
8 info seward-park-map@0.0.0 Failed to exec inline script
9 verbose stack Error: seward-park-map@0.0.0 inline: `html-inline -i index.html -o bundle.html`
9 verbose stack Exit status 8
9 verbose stack     at ChildProcess.<anonymous> (/usr/local/lib/node_modules/npm/lib/utils/lifecycle.js:212:16)
9 verbose stack     at ChildProcess.emit (events.js:98:17)
9 verbose stack     at maybeClose (child_process.js:756:16)
9 verbose stack     at Process.ChildProcess._handle.onexit (child_process.js:823:5)
10 verbose pkgid seward-park-map@0.0.0
11 verbose cwd /Users/sethvincent/workspace/seattle.io/explore-map
12 error Darwin 14.0.0
13 error argv "node" "/usr/local/bin/npm" "run" "inline"
14 error node v0.10.31
15 error npm  v2.0.2
16 error code ELIFECYCLE
17 error seward-park-map@0.0.0 inline: `html-inline -i index.html -o bundle.html`
17 error Exit status 8
18 error Failed at the seward-park-map@0.0.0 inline script.
18 error This is most likely a problem with the seward-park-map package,
18 error not with npm itself.
18 error Tell the author that this fails on your system:
18 error     html-inline -i index.html -o bundle.html
18 error You can get their info via:
18 error     npm owner ls seward-park-map
18 error There is likely additional logging output above.
19 verbose exit [ 1, true ]
